0 info it worked if it ends with ok
1 verbose cli [ 'C:\\Program Files\\nodejs\\node.exe',
1 verbose cli   'C:\\Program Files\\nodejs\\node_modules\\npm\\bin\\npm-cli.js',
1 verbose cli   'start' ]
2 info using npm@3.10.10
3 info using node@v6.11.0
4 verbose run-script [ 'prestart', 'start', 'poststart' ]
5 info lifecycle cryptomoji-ts@1.0.0~prestart: cryptomoji-ts@1.0.0
6 silly lifecycle cryptomoji-ts@1.0.0~prestart: no script for prestart, continuing
7 info lifecycle cryptomoji-ts@1.0.0~start: cryptomoji-ts@1.0.0
8 verbose lifecycle cryptomoji-ts@1.0.0~start: unsafe-perm in lifecycle true
9 verbose lifecycle cryptomoji-ts@1.0.0~start: PATH: C:\Users\nshriman\AppData\Roaming\nvm\v6.11.0\node_modules\npm\bin\node-gyp-bin;C:\Users\nshriman\Videos\cryptomoji-hyperledger-sawtooth-typescript\node_modules\.bin;C:\Program Files\Docker\Docker\Resources\bin;C:\ProgramData\Oracle\Java\javapath;C:\Program Files (x86)\Intel\iCLS Client\;C:\Program Files\Intel\iCLS Client\;C:\WINDOWS\system32;C:\WINDOWS;C:\WINDOWS\System32\Wbem;C:\WINDOWS\System32\WindowsPowerShell\v1.0\;C:\Program Files (x86)\Intel\Intel(R) Management Engine Components\DAL;C:\Program Files\Intel\Intel(R) Management Engine Components\DAL;C:\Program Files (x86)\Intel\Intel(R) Management Engine Components\IPT;C:\Program Files\Intel\Intel(R) Management Engine Components\IPT;C:\Program Files\Intel\WiFi\bin\;C:\Program Files\Common Files\Intel\WirelessCommon\;C:\Program Files\TortoiseSVN\bin;C:\Program Files\Git\cmd;C:\Program Files (x86)\Yarn\bin;C:\Go\bin;C:\Program Files (x86)\Windows Kits\8.1\Windows Performance Toolkit\;C:\Users\nshriman\AppData\Roaming\nvm;C:\Program Files\nodejs;C:\Python27;C:\WINDOWS\System32\OpenSSH\;C:\Users\nshriman\Downloads\go-ipfs;C:\Users\nshriman\AppData\Local\Microsoft\WindowsApps;C:\Users\nshriman\AppData\Local\Yarn\bin;C:\Users\nshriman\AppData\Roaming\npm;C:\Program Files\Microsoft VS Code\bin;C:\Users\nshriman\AppData\Roaming\nvm;C:\Program Files\nodejs;
10 verbose lifecycle cryptomoji-ts@1.0.0~start: CWD: C:\Users\nshriman\Videos\cryptomoji-hyperledger-sawtooth-typescript
11 silly lifecycle cryptomoji-ts@1.0.0~start: Args: [ '/d /s /c', 'node build/index.js' ]
12 silly lifecycle cryptomoji-ts@1.0.0~start: Returned: code: 1  signal: null
13 info lifecycle cryptomoji-ts@1.0.0~start: Failed to exec start script
14 verbose stack Error: cryptomoji-ts@1.0.0 start: `node build/index.js`
14 verbose stack Exit status 1
14 verbose stack     at EventEmitter.<anonymous> (C:\Users\nshriman\AppData\Roaming\nvm\v6.11.0\node_modules\npm\lib\utils\lifecycle.js:255:16)
14 verbose stack     at emitTwo (events.js:106:13)
14 verbose stack     at EventEmitter.emit (events.js:191:7)
14 verbose stack     at ChildProcess.<anonymous> (C:\Users\nshriman\AppData\Roaming\nvm\v6.11.0\node_modules\npm\lib\utils\spawn.js:40:14)
14 verbose stack     at emitTwo (events.js:106:13)
14 verbose stack     at ChildProcess.emit (events.js:191:7)
14 verbose stack     at maybeClose (internal/child_process.js:891:16)
14 verbose stack     at Process.ChildProcess._handle.onexit (internal/child_process.js:226:5)
15 verbose pkgid cryptomoji-ts@1.0.0
16 verbose cwd C:\Users\nshriman\Videos\cryptomoji-hyperledger-sawtooth-typescript
17 error Windows_NT 10.0.17134
18 error argv "C:\\Program Files\\nodejs\\node.exe" "C:\\Program Files\\nodejs\\node_modules\\npm\\bin\\npm-cli.js" "start"
19 error node v6.11.0
20 error npm  v3.10.10
21 error code ELIFECYCLE
22 error cryptomoji-ts@1.0.0 start: `node build/index.js`
22 error Exit status 1
23 error Failed at the cryptomoji-ts@1.0.0 start script 'node build/index.js'.
23 error Make sure you have the latest version of node.js and npm installed.
23 error If you do, this is most likely a problem with the cryptomoji-ts package,
23 error not with npm itself.
23 error Tell the author that this fails on your system:
23 error     node build/index.js
23 error You can get information on how to open an issue for this project with:
23 error     npm bugs cryptomoji-ts
23 error Or if that isn't available, you can get their info via:
23 error     npm owner ls cryptomoji-ts
23 error There is likely additional logging output above.
24 verbose exit [ 1, true ]
